<?xml version="1.0" encoding="UTF-8"?>
<testng-results skipped="0" failed="0" total="2" passed="2">
  <reporter-output>
  </reporter-output>
  <suite name="Default suite" duration-ms="61810" started-at="2018-06-03T06:01:07Z" finished-at="2018-06-03T06:02:09Z">
    <groups>
    </groups>
    <test name="Default test" duration-ms="61810" started-at="2018-06-03T06:01:07Z" finished-at="2018-06-03T06:02:09Z">
      <class name="testcases.LoginTest">
        <test-method status="PASS" signature="beforeClass()[pri:0, instance:testcases.LoginTest@5ae63ade]" name="beforeClass" is-config="true" duration-ms="39235" started-at="2018-06-03T11:31:07Z" finished-at="2018-06-03T11:31:46Z">
          <reporter-output>
          </reporter-output>
        </test-method> <!-- beforeClass -->
        <test-method status="PASS" signature="login()[pri:0, instance:testcases.LoginTest@5ae63ade]" name="login" duration-ms="9469" started-at="2018-06-03T11:31:46Z" finished-at="2018-06-03T11:31:56Z">
          <reporter-output>
          </reporter-output>
        </test-method> <!-- login -->
        <test-method status="PASS" signature="addToCart()[pri:0, instance:testcases.LoginTest@5ae63ade]" name="addToCart" duration-ms="12088" started-at="2018-06-03T11:31:56Z" depends-on-methods="testcases.LoginTest.login" finished-at="2018-06-03T11:32:08Z">
          <reporter-output>
          </reporter-output>
        </test-method> <!-- addToCart -->
        <test-method status="PASS" signature="afterClass()[pri:0, instance:testcases.LoginTest@5ae63ade]" name="afterClass" is-config="true" duration-ms="992" started-at="2018-06-03T11:32:08Z" finished-at="2018-06-03T11:32:09Z">
          <reporter-output>
          </reporter-output>
        </test-method> <!-- afterClass -->
      </class> <!-- testcases.LoginTest -->
    </test> <!-- Default test -->
  </suite> <!-- Default suite -->
</testng-results>
